The system is: Linux - 4.15.0-171-generic - i686
Compiling the C compiler identification source file "CMakeCCompilerId.c" succeeded.
Compiler: /usr/bin/cc 
Build flags: 
Id flags:  

The output was:
0


Compilation of the C compiler identification source "CMakeCCompilerId.c" produced "a.out"

The C compiler identification is GNU, found in "/home/jerome03/tescore/gaNewBuild/CMakeFiles/3.10.2/CompilerIdC/a.out"

Determining if the C compiler works passed with the following output:
Change Dir: /home/jerome03/tescore/gaNewBuild/CMakeFiles/CMakeTmp

Run Build Command:"/usr/bin/make" "cmTC_8f5a4/fast"
/usr/bin/make -f CMakeFiles/cmTC_8f5a4.dir/build.make CMakeFiles/cmTC_8f5a4.dir/build
make[1]: Entering directory '/home/jerome03/tescore/gaNewBuild/CMakeFiles/CMakeTmp'
Building C object CMakeFiles/cmTC_8f5a4.dir/testCCompiler.c.o
/usr/bin/cc    -o CMakeFiles/cmTC_8f5a4.dir/testCCompiler.c.o   -c /home/jerome03/tescore/gaNewBuild/CMakeFiles/CMakeTmp/testCCompiler.c
Linking C executable cmTC_8f5a4
/usr/bin/cmake -E cmake_link_script CMakeFiles/cmTC_8f5a4.dir/link.txt --verbose=1
/usr/bin/cc      CMakeFiles/cmTC_8f5a4.dir/testCCompiler.c.o  -o cmTC_8f5a4 
make[1]: Leaving directory '/home/jerome03/tescore/gaNewBuild/CMakeFiles/CMakeTmp'


Detecting C compiler ABI info compiled with the following output:
Change Dir: /home/jerome03/tescore/gaNewBuild/CMakeFiles/CMakeTmp

Run Build Command:"/usr/bin/make" "cmTC_93786/fast"
/usr/bin/make -f CMakeFiles/cmTC_93786.dir/build.make CMakeFiles/cmTC_93786.dir/build
make[1]: Entering directory '/home/jerome03/tescore/gaNewBuild/CMakeFiles/CMakeTmp'
Building C object CMakeFiles/cmTC_93786.dir/CMakeCCompilerABI.c.o
/usr/bin/cc    -o CMakeFiles/cmTC_93786.dir/CMakeCCompilerABI.c.o   -c /usr/share/cmake-3.10/Modules/CMakeCCompilerABI.c
Linking C executable cmTC_93786
/usr/bin/cmake -E cmake_link_script CMakeFiles/cmTC_93786.dir/link.txt --verbose=1
/usr/bin/cc     -v CMakeFiles/cmTC_93786.dir/CMakeCCompilerABI.c.o  -o cmTC_93786 
Using built-in specs.
COLLECT_GCC=/usr/bin/cc
COLLECT_LTO_WRAPPER=/usr/lib/gcc/i686-linux-gnu/7/lto-wrapper
Target: i686-linux-gnu
Configured with: ../src/configure -v --with-pkgversion='Ubuntu 7.5.0-3ubuntu1~18.04' --with-bugurl=file:///usr/share/doc/gcc-7/README.Bugs --enable-languages=c,ada,c++,go,brig,d,fortran,objc,obj-c++ --prefix=/usr --with-gcc-major-version-only --program-suffix=-7 --program-prefix=i686-linux-gnu- --enable-shared --enable-linker-build-id --libexecdir=/usr/lib --without-included-gettext --enable-threads=posix --libdir=/usr/lib --enable-nls --enable-clocale=gnu --enable-libstdcxx-debug --enable-libstdcxx-time=yes --with-default-libstdcxx-abi=new --enable-gnu-unique-object --disable-vtable-verify --enable-libmpx --enable-plugin --enable-default-pie --with-system-zlib --with-target-system-zlib --enable-objc-gc=auto --enable-targets=all --enable-multiarch --disable-werror --with-arch-32=i686 --with-multilib-list=m32,m64,mx32 --enable-multilib --with-tune=generic --enable-checking=release --build=i686-linux-gnu --host=i686-linux-gnu --target=i686-linux-gnu
Thread model: posix
gcc version 7.5.0 (Ubuntu 7.5.0-3ubuntu1~18.04) 
COMPILER_PATH=/usr/lib/gcc/i686-linux-gnu/7/:/usr/lib/gcc/i686-linux-gnu/7/:/usr/lib/gcc/i686-linux-gnu/:/usr/lib/gcc/i686-linux-gnu/7/:/usr/lib/gcc/i686-linux-gnu/
LIBRARY_PATH=/usr/lib/gcc/i686-linux-gnu/7/:/usr/lib/gcc/i686-linux-gnu/7/../../../i386-linux-gnu/:/usr/lib/gcc/i686-linux-gnu/7/../../../../lib/:/lib/i386-linux-gnu/:/lib/../lib/:/usr/lib/i386-linux-gnu/:/usr/lib/../lib/:/usr/lib/gcc/i686-linux-gnu/7/../../../:/lib/:/usr/lib/
COLLECT_GCC_OPTIONS='-v' '-o' 'cmTC_93786' '-mtune=generic' '-march=i686'
 /usr/lib/gcc/i686-linux-gnu/7/collect2 -plugin /usr/lib/gcc/i686-linux-gnu/7/liblto_plugin.so -plugin-opt=/usr/lib/gcc/i686-linux-gnu/7/lto-wrapper -plugin-opt=-fresolution=/tmp/cceB4Ca1.res -plugin-opt=-pass-through=-lgcc -plugin-opt=-pass-through=-lgcc_s -plugin-opt=-pass-through=-lc -plugin-opt=-pass-through=-lgcc -plugin-opt=-pass-through=-lgcc_s --build-id --eh-frame-hdr -m elf_i386 --hash-style=gnu --as-needed -dynamic-linker /lib/ld-linux.so.2 -pie -z now -z relro -o cmTC_93786 /usr/lib/gcc/i686-linux-gnu/7/../../../i386-linux-gnu/Scrt1.o /usr/lib/gcc/i686-linux-gnu/7/../../../i386-linux-gnu/crti.o /usr/lib/gcc/i686-linux-gnu/7/crtbeginS.o -L/usr/lib/gcc/i686-linux-gnu/7 -L/usr/lib/gcc/i686-linux-gnu/7/../../../i386-linux-gnu -L/usr/lib/gcc/i686-linux-gnu/7/../../../../lib -L/lib/i386-linux-gnu -L/lib/../lib -L/usr/lib/i386-linux-gnu -L/usr/lib/../lib -L/usr/lib/gcc/i686-linux-gnu/7/../../.. CMakeFiles/cmTC_93786.dir/CMakeCCompilerABI.c.o -lgcc --push-state --as-needed -lgcc_s --pop-state -lc -lgcc --push-state --as-needed -lgcc_s --pop-state /usr/lib/gcc/i686-linux-gnu/7/crtendS.o /usr/lib/gcc/i686-linux-gnu/7/../../../i386-linux-gnu/crtn.o
COLLECT_GCC_OPTIONS='-v' '-o' 'cmTC_93786' '-mtune=generic' '-march=i686'
make[1]: Leaving directory '/home/jerome03/tescore/gaNewBuild/CMakeFiles/CMakeTmp'


Parsed C implicit link information from above output:
  link line regex: [^( *|.*[/\])(ld|CMAKE_LINK_STARTFILE-NOTFOUND|([^/\]+-)?ld|collect2)[^/\]*( |$)]
  ignore line: [Change Dir: /home/jerome03/tescore/gaNewBuild/CMakeFiles/CMakeTmp]
  ignore line: []
  ignore line: [Run Build Command:"/usr/bin/make" "cmTC_93786/fast"]
  ignore line: [/usr/bin/make -f CMakeFiles/cmTC_93786.dir/build.make CMakeFiles/cmTC_93786.dir/build]
  ignore line: [make[1]: Entering directory '/home/jerome03/tescore/gaNewBuild/CMakeFiles/CMakeTmp']
  ignore line: [Building C object CMakeFiles/cmTC_93786.dir/CMakeCCompilerABI.c.o]
  ignore line: [/usr/bin/cc    -o CMakeFiles/cmTC_93786.dir/CMakeCCompilerABI.c.o   -c /usr/share/cmake-3.10/Modules/CMakeCCompilerABI.c]
  ignore line: [Linking C executable cmTC_93786]
  ignore line: [/usr/bin/cmake -E cmake_link_script CMakeFiles/cmTC_93786.dir/link.txt --verbose=1]
  ignore line: [/usr/bin/cc     -v CMakeFiles/cmTC_93786.dir/CMakeCCompilerABI.c.o  -o cmTC_93786 ]
  ignore line: [Using built-in specs.]
  ignore line: [COLLECT_GCC=/usr/bin/cc]
  ignore line: [COLLECT_LTO_WRAPPER=/usr/lib/gcc/i686-linux-gnu/7/lto-wrapper]
  ignore line: [Target: i686-linux-gnu]
  ignore line: [Configured with: ../src/configure -v --with-pkgversion='Ubuntu 7.5.0-3ubuntu1~18.04' --with-bugurl=file:///usr/share/doc/gcc-7/README.Bugs --enable-languages=c,ada,c++,go,brig,d,fortran,objc,obj-c++ --prefix=/usr --with-gcc-major-version-only --program-suffix=-7 --program-prefix=i686-linux-gnu- --enable-shared --enable-linker-build-id --libexecdir=/usr/lib --without-included-gettext --enable-threads=posix --libdir=/usr/lib --enable-nls --enable-clocale=gnu --enable-libstdcxx-debug --enable-libstdcxx-time=yes --with-default-libstdcxx-abi=new --enable-gnu-unique-object --disable-vtable-verify --enable-libmpx --enable-plugin --enable-default-pie --with-system-zlib --with-target-system-zlib --enable-objc-gc=auto --enable-targets=all --enable-multiarch --disable-werror --with-arch-32=i686 --with-multilib-list=m32,m64,mx32 --enable-multilib --with-tune=generic --enable-checking=release --build=i686-linux-gnu --host=i686-linux-gnu --target=i686-linux-gnu]
  ignore line: [Thread model: posix]
  ignore line: [gcc version 7.5.0 (Ubuntu 7.5.0-3ubuntu1~18.04) ]
  ignore line: [COMPILER_PATH=/usr/lib/gcc/i686-linux-gnu/7/:/usr/lib/gcc/i686-linux-gnu/7/:/usr/lib/gcc/i686-linux-gnu/:/usr/lib/gcc/i686-linux-gnu/7/:/usr/lib/gcc/i686-linux-gnu/]
  ignore line: [LIBRARY_PATH=/usr/lib/gcc/i686-linux-gnu/7/:/usr/lib/gcc/i686-linux-gnu/7/../../../i386-linux-gnu/:/usr/lib/gcc/i686-linux-gnu/7/../../../../lib/:/lib/i386-linux-gnu/:/lib/../lib/:/usr/lib/i386-linux-gnu/:/usr/lib/../lib/:/usr/lib/gcc/i686-linux-gnu/7/../../../:/lib/:/usr/lib/]
  ignore line: [COLLECT_GCC_OPTIONS='-v' '-o' 'cmTC_93786' '-mtune=generic' '-march=i686']
  link line: [ /usr/lib/gcc/i686-linux-gnu/7/collect2 -plugin /usr/lib/gcc/i686-linux-gnu/7/liblto_plugin.so -plugin-opt=/usr/lib/gcc/i686-linux-gnu/7/lto-wrapper -plugin-opt=-fresolution=/tmp/cceB4Ca1.res -plugin-opt=-pass-through=-lgcc -plugin-opt=-pass-through=-lgcc_s -plugin-opt=-pass-through=-lc -plugin-opt=-pass-through=-lgcc -plugin-opt=-pass-through=-lgcc_s --build-id --eh-frame-hdr -m elf_i386 --hash-style=gnu --as-needed -dynamic-linker /lib/ld-linux.so.2 -pie -z now -z relro -o cmTC_93786 /usr/lib/gcc/i686-linux-gnu/7/../../../i386-linux-gnu/Scrt1.o /usr/lib/gcc/i686-linux-gnu/7/../../../i386-linux-gnu/crti.o /usr/lib/gcc/i686-linux-gnu/7/crtbeginS.o -L/usr/lib/gcc/i686-linux-gnu/7 -L/usr/lib/gcc/i686-linux-gnu/7/../../../i386-linux-gnu -L/usr/lib/gcc/i686-linux-gnu/7/../../../../lib -L/lib/i386-linux-gnu -L/lib/../lib -L/usr/lib/i386-linux-gnu -L/usr/lib/../lib -L/usr/lib/gcc/i686-linux-gnu/7/../../.. CMakeFiles/cmTC_93786.dir/CMakeCCompilerABI.c.o -lgcc --push-state --as-needed -lgcc_s --pop-state -lc -lgcc --push-state --as-needed -lgcc_s --pop-state /usr/lib/gcc/i686-linux-gnu/7/crtendS.o /usr/lib/gcc/i686-linux-gnu/7/../../../i386-linux-gnu/crtn.o]
    arg [/usr/lib/gcc/i686-linux-gnu/7/collect2] ==> ignore
    arg [-plugin] ==> ignore
    arg [/usr/lib/gcc/i686-linux-gnu/7/liblto_plugin.so] ==> ignore
    arg [-plugin-opt=/usr/lib/gcc/i686-linux-gnu/7/lto-wrapper] ==> ignore
    arg [-plugin-opt=-fresolution=/tmp/cceB4Ca1.res] ==> ignore
    arg [-plugin-opt=-pass-through=-lgcc] ==> ignore
    arg [-plugin-opt=-pass-through=-lgcc_s] ==> ignore
    arg [-plugin-opt=-pass-through=-lc] ==> ignore
    arg [-plugin-opt=-pass-through=-lgcc] ==> ignore
    arg [-plugin-opt=-pass-through=-lgcc_s] ==> ignore
    arg [--build-id] ==> ignore
    arg [--eh-frame-hdr] ==> ignore
    arg [-m] ==> ignore
    arg [elf_i386] ==> ignore
    arg [--hash-style=gnu] ==> ignore
    arg [--as-needed] ==> ignore
    arg [-dynamic-linker] ==> ignore
    arg [/lib/ld-linux.so.2] ==> ignore
    arg [-pie] ==> ignore
    arg [-znow] ==> ignore
    arg [-zrelro] ==> ignore
    arg [-o] ==> ignore
    arg [cmTC_93786] ==> ignore
    arg [/usr/lib/gcc/i686-linux-gnu/7/../../../i386-linux-gnu/Scrt1.o] ==> ignore
    arg [/usr/lib/gcc/i686-linux-gnu/7/../../../i386-linux-gnu/crti.o] ==> ignore
    arg [/usr/lib/gcc/i686-linux-gnu/7/crtbeginS.o] ==> ignore
    arg [-L/usr/lib/gcc/i686-linux-gnu/7] ==> dir [/usr/lib/gcc/i686-linux-gnu/7]
    arg [-L/usr/lib/gcc/i686-linux-gnu/7/../../../i386-linux-gnu] ==> dir [/usr/lib/gcc/i686-linux-gnu/7/../../../i386-linux-gnu]
    arg [-L/usr/lib/gcc/i686-linux-gnu/7/../../../../lib] ==> dir [/usr/lib/gcc/i686-linux-gnu/7/../../../../lib]
    arg [-L/lib/i386-linux-gnu] ==> dir [/lib/i386-linux-gnu]
    arg [-L/lib/../lib] ==> dir [/lib/../lib]
    arg [-L/usr/lib/i386-linux-gnu] ==> dir [/usr/lib/i386-linux-gnu]
    arg [-L/usr/lib/../lib] ==> dir [/usr/lib/../lib]
    arg [-L/usr/lib/gcc/i686-linux-gnu/7/../../..] ==> dir [/usr/lib/gcc/i686-linux-gnu/7/../../..]
    arg [CMakeFiles/cmTC_93786.dir/CMakeCCompilerABI.c.o] ==> ignore
    arg [-lgcc] ==> lib [gcc]
    arg [--push-state] ==> ignore
    arg [--as-needed] ==> ignore
    arg [-lgcc_s] ==> lib [gcc_s]
    arg [--pop-state] ==> ignore
    arg [-lc] ==> lib [c]
    arg [-lgcc] ==> lib [gcc]
    arg [--push-state] ==> ignore
    arg [--as-needed] ==> ignore
    arg [-lgcc_s] ==> lib [gcc_s]
    arg [--pop-state] ==> ignore
    arg [/usr/lib/gcc/i686-linux-gnu/7/crtendS.o] ==> ignore
    arg [/usr/lib/gcc/i686-linux-gnu/7/../../../i386-linux-gnu/crtn.o] ==> ignore
  collapse library dir [/usr/lib/gcc/i686-linux-gnu/7] ==> [/usr/lib/gcc/i686-linux-gnu/7]
  collapse library dir [/usr/lib/gcc/i686-linux-gnu/7/../../../i386-linux-gnu] ==> [/usr/lib/i386-linux-gnu]
  collapse library dir [/usr/lib/gcc/i686-linux-gnu/7/../../../../lib] ==> [/usr/lib]
  collapse library dir [/lib/i386-linux-gnu] ==> [/lib/i386-linux-gnu]
  collapse library dir [/lib/../lib] ==> [/lib]
  collapse library dir [/usr/lib/i386-linux-gnu] ==> [/usr/lib/i386-linux-gnu]
  collapse library dir [/usr/lib/../lib] ==> [/usr/lib]
  collapse library dir [/usr/lib/gcc/i686-linux-gnu/7/../../..] ==> [/usr/lib]
  implicit libs: [gcc;gcc_s;c;gcc;gcc_s]
  implicit dirs: [/usr/lib/gcc/i686-linux-gnu/7;/usr/lib/i386-linux-gnu;/usr/lib;/lib/i386-linux-gnu;/lib]
  implicit fwks: []




Detecting C [-std=c11] compiler features compiled with the following output:
Change Dir: /home/jerome03/tescore/gaNewBuild/CMakeFiles/CMakeTmp

Run Build Command:"/usr/bin/make" "cmTC_dffb7/fast"
/usr/bin/make -f CMakeFiles/cmTC_dffb7.dir/build.make CMakeFiles/cmTC_dffb7.dir/build
make[1]: Entering directory '/home/jerome03/tescore/gaNewBuild/CMakeFiles/CMakeTmp'
Building C object CMakeFiles/cmTC_dffb7.dir/feature_tests.c.o
/usr/bin/cc   -std=c11 -o CMakeFiles/cmTC_dffb7.dir/feature_tests.c.o   -c /home/jerome03/tescore/gaNewBuild/CMakeFiles/feature_tests.c
Linking C executable cmTC_dffb7
/usr/bin/cmake -E cmake_link_script CMakeFiles/cmTC_dffb7.dir/link.txt --verbose=1
/usr/bin/cc      CMakeFiles/cmTC_dffb7.dir/feature_tests.c.o  -o cmTC_dffb7 
make[1]: Leaving directory '/home/jerome03/tescore/gaNewBuild/CMakeFiles/CMakeTmp'


    Feature record: C_FEATURE:1c_function_prototypes
    Feature record: C_FEATURE:1c_restrict
    Feature record: C_FEATURE:1c_static_assert
    Feature record: C_FEATURE:1c_variadic_macros


Detecting C [-std=c99] compiler features compiled with the following output:
Change Dir: /home/jerome03/tescore/gaNewBuild/CMakeFiles/CMakeTmp

Run Build Command:"/usr/bin/make" "cmTC_95d00/fast"
/usr/bin/make -f CMakeFiles/cmTC_95d00.dir/build.make CMakeFiles/cmTC_95d00.dir/build
make[1]: Entering directory '/home/jerome03/tescore/gaNewBuild/CMakeFiles/CMakeTmp'
Building C object CMakeFiles/cmTC_95d00.dir/feature_tests.c.o
/usr/bin/cc   -std=c99 -o CMakeFiles/cmTC_95d00.dir/feature_tests.c.o   -c /home/jerome03/tescore/gaNewBuild/CMakeFiles/feature_tests.c
Linking C executable cmTC_95d00
/usr/bin/cmake -E cmake_link_script CMakeFiles/cmTC_95d00.dir/link.txt --verbose=1
/usr/bin/cc      CMakeFiles/cmTC_95d00.dir/feature_tests.c.o  -o cmTC_95d00 
make[1]: Leaving directory '/home/jerome03/tescore/gaNewBuild/CMakeFiles/CMakeTmp'


    Feature record: C_FEATURE:1c_function_prototypes
    Feature record: C_FEATURE:1c_restrict
    Feature record: C_FEATURE:0c_static_assert
    Feature record: C_FEATURE:1c_variadic_macros


Detecting C [-std=c90] compiler features compiled with the following output:
Change Dir: /home/jerome03/tescore/gaNewBuild/CMakeFiles/CMakeTmp

Run Build Command:"/usr/bin/make" "cmTC_f8e38/fast"
/usr/bin/make -f CMakeFiles/cmTC_f8e38.dir/build.make CMakeFiles/cmTC_f8e38.dir/build
make[1]: Entering directory '/home/jerome03/tescore/gaNewBuild/CMakeFiles/CMakeTmp'
Building C object CMakeFiles/cmTC_f8e38.dir/feature_tests.c.o
/usr/bin/cc   -std=c90 -o CMakeFiles/cmTC_f8e38.dir/feature_tests.c.o   -c /home/jerome03/tescore/gaNewBuild/CMakeFiles/feature_tests.c
Linking C executable cmTC_f8e38
/usr/bin/cmake -E cmake_link_script CMakeFiles/cmTC_f8e38.dir/link.txt --verbose=1
/usr/bin/cc      CMakeFiles/cmTC_f8e38.dir/feature_tests.c.o  -o cmTC_f8e38 
make[1]: Leaving directory '/home/jerome03/tescore/gaNewBuild/CMakeFiles/CMakeTmp'


    Feature record: C_FEATURE:1c_function_prototypes
    Feature record: C_FEATURE:0c_restrict
    Feature record: C_FEATURE:0c_static_assert
    Feature record: C_FEATURE:0c_variadic_macros
